{"level":"info","message":"GET /api/v1/health-check","timestamp":"2023-07-15T05:35:38.486Z"}
{"level":"info","message":"GET /api/v1/health-check","timestamp":"2023-07-15T05:35:40.131Z"}
{"level":"info","message":"GET /favicon.ico","timestamp":"2023-07-15T05:35:40.315Z"}
{"level":"info","message":"GET /api/v1/health-check","timestamp":"2023-07-15T05:35:42.214Z"}
{"level":"info","message":"GET /","timestamp":"2023-07-15T05:35:45.263Z"}
{"level":"info","message":"GET /api/v1/health-check","timestamp":"2023-07-15T05:36:27.240Z"}
{"level":"info","message":"GET /favicon.ico","timestamp":"2023-07-15T05:36:27.981Z"}
{"level":"info","message":"GET /api/v1/health-check","timestamp":"2023-07-15T05:36:29.119Z"}
{"level":"info","message":"POST /api/v1/polls","timestamp":"2023-07-15T06:37:03.676Z"}
{"level":"info","message":"POST /api/v1/polls","timestamp":"2023-07-15T06:37:19.582Z"}
{"level":"info","message":"POST /api/v1/polls","timestamp":"2023-07-15T06:37:41.673Z"}
{"level":"info","message":"POST /api/v1/polls","timestamp":"2023-07-15T06:37:51.755Z"}
{"level":"info","message":"POST /api/v1/polls","timestamp":"2023-07-15T06:38:37.216Z"}
{"level":"info","message":"POST /api/v1/auth/register","timestamp":"2023-07-15T06:53:23.325Z"}
{"level":"info","message":"POST /api/v1/auth/register","timestamp":"2023-07-15T06:55:01.021Z"}
{"level":"info","message":"POST /api/v1/auth/register","timestamp":"2023-07-15T06:55:16.431Z"}
{"level":"info","message":"POST /api/v1/auth/register","timestamp":"2023-07-15T06:55:27.579Z"}
{"level":"info","message":"POST /api/v1/auth/register","timestamp":"2023-07-15T06:55:41.071Z"}
{"level":"info","message":"POST /api/v1/auth/register","timestamp":"2023-07-15T06:55:56.996Z"}
{"level":"info","message":"POST /api/v1/auth/register","timestamp":"2023-07-15T06:56:31.385Z"}
{"level":"info","message":"POST /api/v1/auth/register","timestamp":"2023-07-15T06:59:10.499Z"}
{"level":"info","message":"POST /api/v1/auth/register","timestamp":"2023-07-15T07:01:20.389Z"}
{"level":"info","message":"POST /api/v1/auth/register","timestamp":"2023-07-15T11:26:13.466Z"}
{"level":"info","message":"POST /api/v1/auth/register","timestamp":"2023-07-15T11:28:37.405Z"}
{"level":"info","message":"POST /api/v1/auth/register","timestamp":"2023-07-15T11:38:46.550Z"}
{"level":"info","message":"POST /api/v1/auth/register","timestamp":"2023-07-15T11:39:58.564Z"}
{"level":"info","message":"OPTIONS /api/v1/verify/token","timestamp":"2023-07-15T12:02:11.437Z"}
{"level":"info","message":"OPTIONS /api/v1/verify/token","timestamp":"2023-07-15T12:02:11.457Z"}
{"level":"info","message":"OPTIONS /api/v1/verify/token","timestamp":"2023-07-15T12:02:15.431Z"}
{"level":"info","message":"OPTIONS /api/v1/verify/token","timestamp":"2023-07-15T12:02:15.436Z"}
{"level":"info","message":"OPTIONS /api/v1/verify/token","timestamp":"2023-07-15T12:03:36.396Z"}
{"level":"info","message":"OPTIONS /api/v1/verify/token","timestamp":"2023-07-15T12:03:36.402Z"}
{"level":"info","message":"GET /main.c7526a7af83094a1c1ec.hot-update.json","timestamp":"2023-07-15T12:03:59.758Z"}
{"level":"info","message":"OPTIONS /api/v1/verify/token","timestamp":"2023-07-15T12:04:00.254Z"}
{"level":"info","message":"OPTIONS /api/v1/verify/token","timestamp":"2023-07-15T12:04:00.257Z"}
{"level":"info","message":"OPTIONS /api/v1/verify/token","timestamp":"2023-07-15T12:04:02.738Z"}
{"level":"info","message":"OPTIONS /api/v1/verify/token","timestamp":"2023-07-15T12:04:02.742Z"}
{"level":"info","message":"POST /api/v1/verify/token","timestamp":"2023-07-15T12:05:36.330Z"}
{"level":"info","message":"POST /api/v1/verify/token","timestamp":"2023-07-15T12:05:36.368Z"}
{"level":"info","message":"POST /api/v1/auth/verify/token","timestamp":"2023-07-15T12:06:11.123Z"}
{"level":"info","message":"POST /api/v1/auth/verify/token","timestamp":"2023-07-15T12:06:14.013Z"}
{"level":"info","message":"POST /api/v1/auth/verify/token","timestamp":"2023-07-15T12:06:14.035Z"}
{"level":"info","message":"POST /api/v1/auth/verify/ad7144de-3dbd-4987-9242-927f6cafa01e","timestamp":"2023-07-15T12:07:27.160Z"}
{"level":"info","message":"POST /api/v1/auth/verify/ad7144de-3dbd-4987-9242-927f6cafa01e","timestamp":"2023-07-15T12:07:27.165Z"}
{"level":"info","message":"POST /api/v1/auth/verify/ad7144de-3dbd-4987-9242-927f6cafa01e","timestamp":"2023-07-15T12:08:07.328Z"}
{"level":"info","message":"POST /api/v1/auth/verify/ad7144de-3dbd-4987-9242-927f6cafa01e","timestamp":"2023-07-15T12:08:07.332Z"}
{"level":"info","message":"POST /api/v1/auth/verify/ad7144de-3dbd-4987-9242-927f6cafa01e","timestamp":"2023-07-15T12:11:08.465Z"}
{"level":"info","message":"POST /api/v1/auth/verify/ad7144de-3dbd-4987-9242-927f6cafa01e","timestamp":"2023-07-15T12:11:08.470Z"}
{"level":"info","message":"POST /api/v1/auth/verify/ad7144de-3dbd-4987-9242-927f6cafa01e","timestamp":"2023-07-15T12:11:13.393Z"}
{"level":"info","message":"POST /api/v1/auth/verify/ad7144de-3dbd-4987-9242-927f6cafa01e","timestamp":"2023-07-15T12:11:13.398Z"}
{"level":"info","message":"POST /api/v1/auth/verify/ad7144de-3dbd-4987-9242-927f6cafa01e","timestamp":"2023-07-15T12:11:31.975Z"}
{"level":"info","message":"POST /api/v1/auth/verify/ad7144de-3dbd-4987-9242-927f6cafa01e","timestamp":"2023-07-15T12:11:35.488Z"}
{"level":"info","message":"POST /api/v1/auth/verify/ad7144de-3dbd-4987-9242-927f6cafa01e","timestamp":"2023-07-15T12:11:35.492Z"}
{"level":"info","message":"POST /api/v1/auth/verify/ad7144de-3dbd-4987-9242-927f6cafa01e","timestamp":"2023-07-15T12:13:13.720Z"}
{"level":"info","message":"POST /api/v1/auth/verify/ad7144de-3dbd-4987-9242-927f6cafa01e","timestamp":"2023-07-15T12:13:13.723Z"}
{"level":"info","message":"POST /api/v1/auth/verify/ad7144de-3dbd-4987-9242-927f6cafa01e","timestamp":"2023-07-15T12:13:18.708Z"}
{"level":"info","message":"POST /api/v1/auth/verify/ad7144de-3dbd-4987-9242-927f6cafa01e","timestamp":"2023-07-15T12:13:18.714Z"}
{"level":"info","message":"POST /api/v1/auth/verify/ad7144de-3dbd-4987-9242-927f6cafa01e","timestamp":"2023-07-15T12:14:00.795Z"}
{"level":"info","message":"POST /api/v1/auth/verify/ad7144de-3dbd-4987-9242-927f6cafa01e","timestamp":"2023-07-15T12:14:00.800Z"}
{"level":"info","message":"POST /api/v1/auth/verify/ad7144de-3dbd-4987-9242-927f6cafa01e","timestamp":"2023-07-15T12:14:04.012Z"}
{"level":"info","message":"POST /api/v1/auth/verify/ad7144de-3dbd-4987-9242-927f6cafa01e","timestamp":"2023-07-15T12:14:04.016Z"}
{"level":"info","message":"POST /api/v1/auth/verify/ad7144de-3dbd-4987-9242-927f6cafa01e","timestamp":"2023-07-15T12:16:23.481Z"}
{"level":"info","message":"POST /api/v1/auth/verify/ad7144de-3dbd-4987-9242-927f6cafa01e","timestamp":"2023-07-15T12:16:23.484Z"}
{"level":"info","message":"POST /api/v1/auth/verify/ad7144de-3dbd-4987-9242-927f6cafa01e","timestamp":"2023-07-15T12:54:08.087Z"}
{"level":"info","message":"POST /api/v1/auth/verify/ad7144de-3dbd-4987-9242-927f6cafa01e","timestamp":"2023-07-15T12:54:08.177Z"}
{"level":"info","message":"GET /path/to/feature-image.png","timestamp":"2023-07-15T13:24:33.220Z"}
{"level":"info","message":"POST /api/v1/auth/register","timestamp":"2023-07-15T14:23:04.060Z"}
{"level":"info","message":"POST /api/v1/auth/register","timestamp":"2023-07-15T14:23:35.210Z"}
{"level":"info","message":"POST /api/v1/auth/register","timestamp":"2023-07-15T14:24:26.820Z"}
{"level":"info","message":"POST /api/v1/auth/register","timestamp":"2023-07-15T14:26:25.425Z"}
{"level":"info","message":"POST /api/v1/auth/register","timestamp":"2023-07-15T14:26:55.586Z"}
{"level":"info","message":"POST /api/v1/auth/register","timestamp":"2023-07-15T14:27:46.351Z"}
{"level":"info","message":"POST /api/v1/auth/register","timestamp":"2023-07-15T14:28:24.498Z"}
{"level":"info","message":"POST /api/v1/auth/register","timestamp":"2023-07-15T14:28:32.892Z"}
{"level":"info","message":"POST /api/v1/auth/register","timestamp":"2023-07-15T14:30:05.492Z"}
{"level":"info","message":"POST /api/v1/auth/register","timestamp":"2023-07-15T14:30:38.958Z"}
{"level":"info","message":"POST /api/v1/auth/register","timestamp":"2023-07-15T14:30:47.843Z"}
{"level":"info","message":"POST /api/v1/auth/register","timestamp":"2023-07-15T14:32:54.165Z"}
{"level":"info","message":"POST /api/v1/auth/register","timestamp":"2023-07-15T14:33:10.770Z"}
{"level":"info","message":"POST /api/v1/auth/register","timestamp":"2023-07-15T14:33:17.086Z"}
{"level":"info","message":"POST /api/v1/auth/register","timestamp":"2023-07-15T14:36:00.357Z"}
{"level":"info","message":"POST /api/v1/auth/register","timestamp":"2023-07-15T14:36:06.117Z"}
{"level":"info","message":"POST /api/v1/auth/register","timestamp":"2023-07-15T14:39:58.242Z"}
{"level":"info","message":"POST /api/v1/auth/register","timestamp":"2023-07-15T14:41:44.969Z"}
{"level":"info","message":"POST /api/v1/auth/register","timestamp":"2023-07-15T15:08:53.357Z"}
{"level":"info","message":"POST /api/v1/auth/verify/verify","timestamp":"2023-07-15T15:12:25.455Z"}
{"level":"info","message":"POST /api/v1/auth/verify/verify","timestamp":"2023-07-15T15:12:25.459Z"}
{"level":"info","message":"POST /api/v1/auth/verify/verify","timestamp":"2023-07-15T15:13:46.117Z"}
{"level":"info","message":"POST /api/v1/auth/verify/verify","timestamp":"2023-07-15T15:14:07.493Z"}
{"level":"info","message":"POST /api/v1/auth/verify/verify","timestamp":"2023-07-15T15:14:07.495Z"}
{"level":"info","message":"POST /api/v1/auth/verify/verify","timestamp":"2023-07-15T15:14:28.109Z"}
{"level":"info","message":"POST /api/v1/auth/verify/verify","timestamp":"2023-07-15T15:14:30.923Z"}
{"level":"info","message":"POST /api/v1/auth/verify/verify","timestamp":"2023-07-15T15:14:30.929Z"}
{"level":"info","message":"POST /api/v1/auth/verify/token","timestamp":"2023-07-15T15:14:54.939Z"}
{"level":"info","message":"POST /api/v1/auth/verify/token","timestamp":"2023-07-15T15:14:58.478Z"}
{"level":"info","message":"POST /api/v1/auth/verify/token","timestamp":"2023-07-15T15:14:58.481Z"}
{"level":"info","message":"POST /api/v1/auth/verify/token","timestamp":"2023-07-15T15:16:23.889Z"}
{"level":"info","message":"POST /api/v1/auth/verify/token","timestamp":"2023-07-15T15:17:04.655Z"}
{"level":"info","message":"POST /api/v1/auth/verify/token","timestamp":"2023-07-15T15:17:04.657Z"}
{"level":"info","message":"POST /api/v1/auth/verify/token","timestamp":"2023-07-15T15:17:50.502Z"}
{"level":"info","message":"POST /api/v1/auth/verify/token","timestamp":"2023-07-15T15:17:50.504Z"}
{"level":"info","message":"POST /api/v1/auth/verify/token","timestamp":"2023-07-15T15:20:04.329Z"}
{"level":"info","message":"POST /api/v1/auth/verify/token","timestamp":"2023-07-15T15:20:04.379Z"}
{"level":"info","message":"POST /api/v1/auth/verify/token","timestamp":"2023-07-15T15:20:06.791Z"}
{"level":"info","message":"POST /api/v1/auth/verify/token","timestamp":"2023-07-15T15:20:06.794Z"}
{"level":"info","message":"GET /api/v1/auth/verify/token","timestamp":"2023-07-15T15:20:36.155Z"}
{"level":"info","message":"GET /api/v1/auth/verify/token","timestamp":"2023-07-15T15:21:01.301Z"}
{"level":"info","message":"GET /api/v1/auth/verify/token","timestamp":"2023-07-15T15:21:01.306Z"}
{"level":"info","message":"GET /api/v1/auth/verify/token","timestamp":"2023-07-15T15:21:11.777Z"}
{"level":"info","message":"GET /api/v1/auth/verify/token","timestamp":"2023-07-15T15:21:11.781Z"}
{"level":"info","message":"POST /api/v1/auth/verify/token","timestamp":"2023-07-15T15:22:16.483Z"}
{"level":"info","message":"POST /api/v1/auth/verify/token","timestamp":"2023-07-15T15:22:17.933Z"}
{"level":"info","message":"POST /api/v1/auth/verify/token","timestamp":"2023-07-15T15:22:17.939Z"}
{"level":"info","message":"POST /api/v1/auth/verify/548d7b8c-166f-4f57-a51c-3f1a83971d3e","timestamp":"2023-07-15T15:22:36.244Z"}
{"level":"info","message":"POST /api/v1/auth/verify/548d7b8c-166f-4f57-a51c-3f1a83971d3e","timestamp":"2023-07-15T15:22:36.249Z"}
{"level":"info","message":"POST /api/v1/auth/verify/548d7b8c-166f-4f57-a51c-3f1a83971d3e","timestamp":"2023-07-15T15:23:28.119Z"}
{"level":"info","message":"POST /api/v1/auth/verify/548d7b8c-166f-4f57-a51c-3f1a83971d3e","timestamp":"2023-07-15T15:23:33.840Z"}
{"level":"info","message":"POST /api/v1/auth/verify/548d7b8c-166f-4f57-a51c-3f1a83971d3e","timestamp":"2023-07-15T15:23:33.845Z"}
{"level":"info","message":"POST /api/v1/auth/verify/548d7b8c-166f-4f57-a51c-3f1a83971d3e","timestamp":"2023-07-15T15:24:39.128Z"}
{"level":"info","message":"POST /api/v1/auth/verify/548d7b8c-166f-4f57-a51c-3f1a83971d3e","timestamp":"2023-07-15T15:24:39.134Z"}
{"level":"info","message":"POST /api/v1/auth/verify/548d7b8c-166f-4f57-a51c-3f1a83971d3e","timestamp":"2023-07-15T15:24:47.113Z"}
{"level":"info","message":"POST /api/v1/auth/verify/548d7b8c-166f-4f57-a51c-3f1a83971d3e","timestamp":"2023-07-15T15:24:56.102Z"}
{"level":"info","message":"POST /api/v1/auth/verify/548d7b8c-166f-4f57-a51c-3f1a83971d3e","timestamp":"2023-07-15T15:24:58.278Z"}
{"level":"info","message":"POST /api/v1/auth/verify/548d7b8c-166f-4f57-a51c-3f1a83971d3e","timestamp":"2023-07-15T15:24:58.282Z"}
{"level":"info","message":"POST /api/v1/auth/verify/548d7b8c-166f-4f57-a51c-3f1a83971d3e","timestamp":"2023-07-15T15:25:06.442Z"}
{"level":"info","message":"POST /api/v1/auth/verify/548d7b8c-166f-4f57-a51c-3f1a83971d3e","timestamp":"2023-07-15T15:25:08.217Z"}
{"level":"info","message":"POST /api/v1/auth/verify/548d7b8c-166f-4f57-a51c-3f1a83971d3e","timestamp":"2023-07-15T15:25:08.220Z"}
{"level":"info","message":"POST /api/v1/auth/verify/548d7b8c-166f-4f57-a51c-3f1a83971d3e","timestamp":"2023-07-15T15:26:05.104Z"}
{"level":"info","message":"POST /api/v1/auth/verify/aff686b1-b922-4d87-b5ce-e058d3a23881","timestamp":"2023-07-15T15:26:19.474Z"}
{"level":"info","message":"POST /api/v1/auth/verify/aff686b1-b922-4d87-b5ce-e058d3a23881","timestamp":"2023-07-15T15:26:19.478Z"}
{"level":"info","message":"POST /api/v1/auth/verify/aff686b1-b922-4d87-b5ce-e058d3a23881","timestamp":"2023-07-15T15:26:33.128Z"}
{"level":"info","message":"POST /api/v1/auth/register","timestamp":"2023-07-15T15:27:06.429Z"}
{"level":"info","message":"POST /api/v1/auth/verify/a5395a60-1806-463c-a360-7f907ac71913","timestamp":"2023-07-15T15:27:23.464Z"}
{"level":"info","message":"POST /api/v1/auth/verify/a5395a60-1806-463c-a360-7f907ac71913","timestamp":"2023-07-15T15:27:23.466Z"}
{"level":"info","message":"POST /api/v1/auth/verify/aff686b1-b922-4d87-b5ce-e058d3a23881","timestamp":"2023-07-15T15:27:41.264Z"}
{"level":"info","message":"POST /api/v1/auth/verify/aff686b1-b922-4d87-b5ce-e058d3a23881","timestamp":"2023-07-15T15:27:41.267Z"}
{"level":"info","message":"POST /api/v1/auth/verify/aff686b1-b922-4d87-b5ce-e058d3a23881","timestamp":"2023-07-15T15:27:41.882Z"}
{"level":"info","message":"POST /api/v1/auth/verify/aff686b1-b922-4d87-b5ce-e058d3a23881","timestamp":"2023-07-15T15:27:43.777Z"}
{"level":"info","message":"POST /api/v1/auth/verify/aff686b1-b922-4d87-b5ce-e058d3a23881","timestamp":"2023-07-15T15:27:43.779Z"}
{"level":"info","message":"POST /api/v1/auth/register","timestamp":"2023-07-15T15:27:58.932Z"}
{"level":"info","message":"POST /api/v1/auth/verify/5a69c27c-abd8-4ad2-a8ee-fd5f6cdb4521","timestamp":"2023-07-15T15:28:12.785Z"}
{"level":"info","message":"POST /api/v1/auth/verify/5a69c27c-abd8-4ad2-a8ee-fd5f6cdb4521","timestamp":"2023-07-15T15:28:12.788Z"}
{"level":"info","message":"POST /api/v1/auth/register","timestamp":"2023-07-15T15:28:40.685Z"}
{"level":"info","message":"POST /api/v1/auth/verify/aff686b1-b922-4d87-b5ce-e058d3a23881","timestamp":"2023-07-15T15:28:46.355Z"}
{"level":"info","message":"POST /api/v1/auth/verify/aff686b1-b922-4d87-b5ce-e058d3a23881","timestamp":"2023-07-15T15:28:46.358Z"}
{"level":"info","message":"POST /api/v1/auth/verify/aff686b1-b922-4d87-b5ce-e058d3a23881","timestamp":"2023-07-15T15:28:46.958Z"}
{"level":"info","message":"POST /api/v1/auth/verify/2000bf61-9461-461c-a988-f69733d39ac8","timestamp":"2023-07-15T15:28:59.840Z"}
{"level":"info","message":"POST /api/v1/auth/verify/2000bf61-9461-461c-a988-f69733d39ac8","timestamp":"2023-07-15T15:28:59.843Z"}
{"level":"info","message":"POST /api/v1/auth/verify/aff686b1-b922-4d87-b5ce-e058d3a23881","timestamp":"2023-07-15T15:29:44.131Z"}
{"level":"info","message":"POST /api/v1/auth/verify/aff686b1-b922-4d87-b5ce-e058d3a23881","timestamp":"2023-07-15T15:29:44.134Z"}
{"level":"info","message":"POST /api/v1/auth/verify/aff686b1-b922-4d87-b5ce-e058d3a23881","timestamp":"2023-07-15T15:29:44.725Z"}
{"level":"info","message":"POST /api/v1/auth/verify/aff686b1-b922-4d87-b5ce-e058d3a23881","timestamp":"2023-07-15T15:29:44.761Z"}
{"level":"info","message":"POST /api/v1/auth/verify/aff686b1-b922-4d87-b5ce-e058d3a23881","timestamp":"2023-07-15T15:29:47.061Z"}
{"level":"info","message":"POST /api/v1/auth/verify/aff686b1-b922-4d87-b5ce-e058d3a23881","timestamp":"2023-07-15T15:29:47.063Z"}
{"level":"info","message":"POST /api/v1/auth/verify/aff686b1-b922-4d87-b5ce-e058d3a23881","timestamp":"2023-07-15T15:30:09.626Z"}
{"level":"info","message":"POST /api/v1/auth/verify/aff686b1-b922-4d87-b5ce-e058d3a23881","timestamp":"2023-07-15T15:30:09.629Z"}
{"level":"info","message":"POST /api/v1/auth/verify/aff686b1-b922-4d87-b5ce-e058d3a23881","timestamp":"2023-07-15T15:30:54.100Z"}
{"level":"info","message":"POST /api/v1/auth/verify/aff686b1-b922-4d87-b5ce-e058d3a23881","timestamp":"2023-07-15T15:30:59.117Z"}
{"level":"info","message":"POST /api/v1/auth/verify/aff686b1-b922-4d87-b5ce-e058d3a23881","timestamp":"2023-07-15T15:31:03.546Z"}
{"level":"info","message":"POST /api/v1/auth/verify/aff686b1-b922-4d87-b5ce-e058d3a23881","timestamp":"2023-07-15T15:31:05.435Z"}
{"level":"info","message":"POST /api/v1/auth/verify/aff686b1-b922-4d87-b5ce-e058d3a23881","timestamp":"2023-07-15T15:31:05.442Z"}
{"level":"info","message":"POST /api/v1/auth/verify/aff686b1-b922-4d87-b5ce-e058d3a23881","timestamp":"2023-07-15T15:31:14.111Z"}
{"level":"info","message":"POST /api/v1/auth/verify/aff686b1-b922-4d87-b5ce-e058d3a23881","timestamp":"2023-07-15T15:31:17.105Z"}
{"level":"info","message":"POST /api/v1/auth/verify/aff686b1-b922-4d87-b5ce-e058d3a23881","timestamp":"2023-07-15T15:31:21.097Z"}
{"level":"info","message":"POST /api/v1/auth/verify/aff686b1-b922-4d87-b5ce-e058d3a23881","timestamp":"2023-07-15T15:31:25.091Z"}
{"level":"info","message":"POST /api/v1/auth/verify/aff686b1-b922-4d87-b5ce-e058d3a23881","timestamp":"2023-07-15T15:31:27.474Z"}
{"level":"info","message":"POST /api/v1/auth/verify/aff686b1-b922-4d87-b5ce-e058d3a23881","timestamp":"2023-07-15T15:31:27.478Z"}
{"level":"info","message":"POST /api/v1/auth/verify/aff686b1-b922-4d87-b5ce-e058d3a23881","timestamp":"2023-07-15T15:31:39.572Z"}
{"level":"info","message":"POST /api/v1/auth/verify/aff686b1-b922-4d87-b5ce-e058d3a23881","timestamp":"2023-07-15T15:31:40.842Z"}
{"level":"info","message":"POST /api/v1/auth/verify/aff686b1-b922-4d87-b5ce-e058d3a23881","timestamp":"2023-07-15T15:31:40.845Z"}
{"level":"info","message":"POST /api/v1/auth/register","timestamp":"2023-07-15T15:32:12.165Z"}
{"level":"info","message":"POST /api/v1/auth/verify/f9cb15d2-559b-4d3c-be10-6ecee19532b0","timestamp":"2023-07-15T15:32:25.011Z"}
{"level":"info","message":"POST /api/v1/auth/verify/f9cb15d2-559b-4d3c-be10-6ecee19532b0","timestamp":"2023-07-15T15:32:25.014Z"}
{"level":"info","message":"POST /api/v1/auth/login","timestamp":"2023-07-15T15:37:31.780Z"}
{"level":"info","message":"POST /api/v1/auth/login","timestamp":"2023-07-15T15:37:52.535Z"}
{"level":"info","message":"POST /api/v1/auth/login","timestamp":"2023-07-15T15:38:23.492Z"}
{"level":"info","message":"POST /api/v1/auth/register","timestamp":"2023-07-15T15:39:04.704Z"}
{"level":"info","message":"POST /api/v1/auth/login","timestamp":"2023-07-15T15:39:15.300Z"}
{"level":"info","message":"POST /api/v1/auth/verify/aff686b1-b922-4d87-b5ce-e058d3a23881","timestamp":"2023-07-15T15:39:55.796Z"}
{"level":"info","message":"POST /api/v1/auth/verify/aff686b1-b922-4d87-b5ce-e058d3a23881","timestamp":"2023-07-15T15:39:55.814Z"}
{"level":"info","message":"POST /api/v1/auth/verify/c11e6dd5-5fba-4fc1-8104-4a86e559fb59","timestamp":"2023-07-15T15:39:58.896Z"}
{"level":"info","message":"POST /api/v1/auth/verify/c11e6dd5-5fba-4fc1-8104-4a86e559fb59","timestamp":"2023-07-15T15:39:58.899Z"}
{"level":"info","message":"POST /api/v1/auth/login","timestamp":"2023-07-15T15:40:05.520Z"}
{"level":"info","message":"POST /api/v1/auth/login","timestamp":"2023-07-15T15:48:14.909Z"}
{"level":"info","message":"POST /api/v1/auth/login","timestamp":"2023-07-15T15:48:24.618Z"}
{"level":"info","message":"POST /api/v1/auth/login","timestamp":"2023-07-15T15:48:57.353Z"}
{"level":"info","message":"POST /api/v1/auth/login","timestamp":"2023-07-15T15:56:35.424Z"}
{"level":"info","message":"POST /api/v1/auth/login","timestamp":"2023-07-15T15:56:41.539Z"}
{"level":"info","message":"POST /api/v1/auth/login","timestamp":"2023-07-15T15:58:54.794Z"}
{"level":"info","message":"POST /api/v1/auth/login","timestamp":"2023-07-15T15:59:57.532Z"}
{"level":"info","message":"POST /api/v1/auth/login","timestamp":"2023-07-15T16:00:21.706Z"}
{"level":"info","message":"POST /api/v1/auth/login","timestamp":"2023-07-15T16:01:18.021Z"}
{"level":"info","message":"POST /api/v1/auth/login","timestamp":"2023-07-15T16:02:22.885Z"}
{"level":"info","message":"POST /api/v1/auth/login","timestamp":"2023-07-15T16:02:49.965Z"}
{"level":"info","message":"POST /api/v1/auth/login","timestamp":"2023-07-15T16:03:20.863Z"}
{"level":"info","message":"POST /api/v1/auth/login","timestamp":"2023-07-15T16:04:09.625Z"}
{"level":"info","message":"POST /api/v1/auth/login","timestamp":"2023-07-15T16:04:56.690Z"}
{"level":"info","message":"POST /api/v1/auth/login","timestamp":"2023-07-15T16:28:17.472Z"}
{"level":"info","message":"POST /api/v1/auth/forget-password","timestamp":"2023-07-15T16:29:32.829Z"}
{"level":"info","message":"POST /api/v1/auth/forget-password","timestamp":"2023-07-15T16:29:55.459Z"}
{"level":"info","message":"POST /api/v1/auth/forget-password","timestamp":"2023-07-15T16:30:24.821Z"}
{"level":"info","message":"POST /api/v1/auth/forget-password","timestamp":"2023-07-15T16:33:27.962Z"}
{"level":"info","message":"POST /api/v1/auth/forget-password","timestamp":"2023-07-15T16:34:34.692Z"}
{"level":"info","message":"POST /api/v1/auth/forget-password","timestamp":"2023-07-15T16:36:01.030Z"}
{"level":"info","message":"POST /api/v1/auth/reset-password","timestamp":"2023-07-15T16:43:44.141Z"}
{"level":"info","message":"POST /api/v1/auth/forget-password","timestamp":"2023-07-15T16:46:00.194Z"}
{"level":"info","message":"POST /api/v1/auth/reset-password","timestamp":"2023-07-15T16:46:33.122Z"}
{"level":"info","message":"POST /api/v1/auth/reset-password","timestamp":"2023-07-15T16:46:42.862Z"}
{"level":"info","message":"POST /api/v1/auth/reset-password","timestamp":"2023-07-15T16:47:00.608Z"}
{"level":"info","message":"POST /api/v1/auth/login","timestamp":"2023-07-16T11:41:18.645Z"}
{"level":"info","message":"POST /api/v1/auth/login","timestamp":"2023-07-16T11:41:24.016Z"}
{"level":"info","message":"POST /api/v1/auth/register","timestamp":"2023-07-16T11:41:48.522Z"}
{"level":"info","message":"POST /api/v1/auth/forget-password","timestamp":"2023-07-16T11:42:04.020Z"}
{"level":"info","message":"POST /api/v1/auth/reset-password","timestamp":"2023-07-16T11:42:27.774Z"}
{"level":"info","message":"POST /api/v1/auth/login","timestamp":"2023-07-16T11:42:34.694Z"}
{"level":"info","message":"POST /api/v1/auth/login","timestamp":"2023-07-16T11:43:21.971Z"}
{"level":"info","message":"POST /api/v1/auth/login","timestamp":"2023-07-16T11:50:35.918Z"}
{"level":"info","message":"POST /api/v1/auth/login","timestamp":"2023-07-16T11:58:39.648Z"}
{"level":"info","message":"POST /api/v1/auth/login","timestamp":"2023-07-16T11:59:39.600Z"}
{"level":"info","message":"POST /api/v1/auth/login","timestamp":"2023-07-16T12:00:45.248Z"}
{"level":"info","message":"POST /api/v1/polls","timestamp":"2023-07-16T14:50:52.065Z"}
{"level":"info","message":"POST /api/v1/polls","timestamp":"2023-07-16T14:52:03.565Z"}
{"level":"info","message":"POST /api/v1/polls","timestamp":"2023-07-16T14:52:36.128Z"}
{"level":"info","message":"POST /api/v1/polls","timestamp":"2023-07-16T14:53:19.742Z"}
{"level":"info","message":"POST /api/v1/polls","timestamp":"2023-07-16T14:55:48.133Z"}
{"level":"info","message":"POST /api/v1/polls","timestamp":"2023-07-16T15:13:01.514Z"}
{"level":"info","message":"POST /api/v1/polls","timestamp":"2023-07-16T15:14:23.282Z"}
{"level":"info","message":"POST /api/v1/polls","timestamp":"2023-07-16T15:14:47.691Z"}
